[debug] [2018-09-26T02:22:33.098Z] ----------------------------------------------------------------------
[debug] [2018-09-26T02:22:33.104Z] Command:       C:\Program Files\nodejs\node.exe C:\Users\santh\AppData\Roaming\npm\node_modules\firebase-tools\bin\firebase serve
[debug] [2018-09-26T02:22:33.104Z] CLI Version:   4.2.1
[debug] [2018-09-26T02:22:33.104Z] Platform:      win32
[debug] [2018-09-26T02:22:33.104Z] Node Version:  v10.8.0
[debug] [2018-09-26T02:22:33.106Z] Time:          Wed Sep 26 2018 07:52:33 GMT+0530 (India Standard Time)
[debug] [2018-09-26T02:22:33.106Z] ----------------------------------------------------------------------
[debug] 
[debug] [2018-09-26T02:22:33.128Z] > command requires scopes: ["email","openid","https://www.googleapis.com/auth/cloudplatformprojects.readonly","https://www.googleapis.com/auth/firebase","https://www.googleapis.com/auth/cloud-platform"]
[debug] [2018-09-26T02:22:33.129Z] > authorizing via signed-in user
[debug] [2018-09-26T02:22:33.133Z] >>> HTTP REQUEST GET https://admin.firebase.com/v1/projects/check-c  
 
[debug] [2018-09-26T02:22:35.435Z] <<< HTTP RESPONSE 200
[debug] [2018-09-26T02:22:35.440Z] >>> HTTP REQUEST GET https://cloudresourcemanager.googleapis.com/v1/projects/check-c  
 
[debug] [2018-09-26T02:22:37.354Z] <<< HTTP RESPONSE 200
[info] 
[info] === Serving from 'D:\Cultive\C.com\CWood'...
[info] 
[debug] [2018-09-26T02:22:37.362Z] >>> HTTP REQUEST GET https://mobilesdk-pa.googleapis.com/v1/projects/1057689071135/clients/_:getWebAppConfig  
 
[debug] [2018-09-26T02:22:38.593Z] <<< HTTP RESPONSE 200
[info] i  hosting[check-c]: Serving hosting files from: public
[info] +  hosting[check-c]: Local server: http://localhost:5000
